<?xml version="1.0" encoding="UTF-8"?>
<coverage generated="1642008254548" clover="3.2.0">
  <project timestamp="1642008254548" name="All files">
    <metrics statements="18" coveredstatements="6" conditionals="11" coveredconditionals="5" methods="8" coveredmethods="1" elements="37" coveredelements="12" complexity="0" loc="18" ncloc="18" packages="1" files="1" classes="1"/>
    <file name="temp.js" path="C:\Users\crook\Documents\Grit\Grit_Generators\grit-generator\temp.js">
      <metrics statements="18" coveredstatements="6" conditionals="11" coveredconditionals="5" methods="8" coveredmethods="1"/>
      <line num="2" count="2" type="cond" truecount="2" falsecount="1"/>
      <line num="3" count="4" type="cond" truecount="3" falsecount="1"/>
      <line num="5" count="2" type="stmt"/>
      <line num="6" count="2" type="stmt"/>
      <line num="7" count="2" type="stmt"/>
      <line num="8" count="2" type="stmt"/>
      <line num="10" count="0" type="stmt"/>
      <line num="14" count="0" type="stmt"/>
      <line num="16" count="0" type="cond" truecount="0" falsecount="2"/>
      <line num="17" count="0" type="stmt"/>
      <line num="18" count="0" type="stmt"/>
      <line num="32" count="0" type="stmt"/>
      <line num="36" count="0" type="stmt"/>
      <line num="49" count="0" type="stmt"/>
      <line num="55" count="0" type="stmt"/>
      <line num="67" count="0" type="stmt"/>
      <line num="68" count="0" type="stmt"/>
      <line num="69" count="0" type="stmt"/>
    </file>
  </project>
</coverage>
