{"C:\\Users\\crook\\Documents\\Grit\\Grit_Generators\\grit-generator\\temp.js": {"path":"C:\\Users\\crook\\Documents\\Grit\\Grit_Generators\\grit-generator\\temp.js","statementMap":{"0":{"start":{"line":2,"column":22},"end":{"line":4,"column":1}},"1":{"start":{"line":3,"column":4},"end":{"line":3,"column":62}},"2":{"start":{"line":5,"column":19},"end":{"line":5,"column":38}},"3":{"start":{"line":6,"column":15},"end":{"line":6,"column":47}},"4":{"start":{"line":7,"column":36},"end":{"line":7,"column":89}},"5":{"start":{"line":8,"column":0},"end":{"line":71,"column":3}},"6":{"start":{"line":10,"column":8},"end":{"line":31,"column":15}},"7":{"start":{"line":14,"column":27},"end":{"line":14,"column":44}},"8":{"start":{"line":16,"column":16},"end":{"line":17,"column":54}},"9":{"start":{"line":17,"column":20},"end":{"line":17,"column":54}},"10":{"start":{"line":18,"column":16},"end":{"line":18,"column":28}},"11":{"start":{"line":32,"column":8},"end":{"line":52,"column":15}},"12":{"start":{"line":36,"column":27},"end":{"line":36,"column":44}},"13":{"start":{"line":49,"column":20},"end":{"line":49,"column":60}},"14":{"start":{"line":55,"column":8},"end":{"line":64,"column":15}},"15":{"start":{"line":67,"column":8},"end":{"line":67,"column":23}},"16":{"start":{"line":68,"column":8},"end":{"line":68,"column":32}},"17":{"start":{"line":69,"column":8},"end":{"line":69,"column":31}}},"fnMap":{"0":{"name":"(anonymous_0)","decl":{"start":{"line":2,"column":56},"end":{"line":2,"column":57}},"loc":{"start":{"line":2,"column":71},"end":{"line":4,"column":1}},"line":2},"1":{"name":"(anonymous_1)","decl":{"start":{"line":9,"column":4},"end":{"line":9,"column":5}},"loc":{"start":{"line":9,"column":18},"end":{"line":53,"column":5}},"line":9},"2":{"name":"(anonymous_2)","decl":{"start":{"line":14,"column":20},"end":{"line":14,"column":21}},"loc":{"start":{"line":14,"column":27},"end":{"line":14,"column":44}},"line":14},"3":{"name":"(anonymous_3)","decl":{"start":{"line":15,"column":22},"end":{"line":15,"column":23}},"loc":{"start":{"line":15,"column":33},"end":{"line":19,"column":13}},"line":15},"4":{"name":"(anonymous_4)","decl":{"start":{"line":36,"column":20},"end":{"line":36,"column":21}},"loc":{"start":{"line":36,"column":27},"end":{"line":36,"column":44}},"line":36},"5":{"name":"(anonymous_5)","decl":{"start":{"line":48,"column":16},"end":{"line":48,"column":17}},"loc":{"start":{"line":48,"column":33},"end":{"line":50,"column":17}},"line":48},"6":{"name":"(anonymous_6)","decl":{"start":{"line":54,"column":4},"end":{"line":54,"column":5}},"loc":{"start":{"line":54,"column":14},"end":{"line":65,"column":5}},"line":54},"7":{"name":"(anonymous_7)","decl":{"start":{"line":66,"column":4},"end":{"line":66,"column":5}},"loc":{"start":{"line":66,"column":26},"end":{"line":70,"column":5}},"line":66}},"branchMap":{"0":{"loc":{"start":{"line":2,"column":22},"end":{"line":4,"column":1}},"type":"binary-expr","locations":[{"start":{"line":2,"column":23},"end":{"line":2,"column":27}},{"start":{"line":2,"column":31},"end":{"line":2,"column":51}},{"start":{"line":2,"column":56},"end":{"line":4,"column":1}}],"line":2},"1":{"loc":{"start":{"line":3,"column":11},"end":{"line":3,"column":61}},"type":"cond-expr","locations":[{"start":{"line":3,"column":37},"end":{"line":3,"column":40}},{"start":{"line":3,"column":43},"end":{"line":3,"column":61}}],"line":3},"2":{"loc":{"start":{"line":3,"column":12},"end":{"line":3,"column":33}},"type":"binary-expr","locations":[{"start":{"line":3,"column":12},"end":{"line":3,"column":15}},{"start":{"line":3,"column":19},"end":{"line":3,"column":33}}],"line":3},"3":{"loc":{"start":{"line":16,"column":16},"end":{"line":17,"column":54}},"type":"if","locations":[{"start":{"line":16,"column":16},"end":{"line":17,"column":54}},{"start":{},"end":{}}],"line":16},"4":{"loc":{"start":{"line":35,"column":21},"end":{"line":35,"column":63}},"type":"binary-expr","locations":[{"start":{"line":35,"column":21},"end":{"line":35,"column":42}},{"start":{"line":35,"column":46},"end":{"line":35,"column":63}}],"line":35}},"s":{"0":2,"1":4,"2":2,"3":2,"4":2,"5":2,"6":0,"7":0,"8":0,"9":0,"10":0,"11":0,"12":0,"13":0,"14":0,"15":0,"16":0,"17":0},"f":{"0":4,"1":0,"2":0,"3":0,"4":0,"5":0,"6":0,"7":0},"b":{"0":[2,0,2],"1":[0,4],"2":[4,4],"3":[0,0],"4":[0,0]},"_coverageSchema":"1a1c01bbd47fc00a2c39e90264f33305004495a9","hash":"23eb9c682024cd4c88def97ad4d429e967120dd0"}
}
