TN:
SF:temp.js
FN:2,(anonymous_0)
FN:9,(anonymous_1)
FN:14,(anonymous_2)
FN:15,(anonymous_3)
FN:36,(anonymous_4)
FN:48,(anonymous_5)
FN:54,(anonymous_6)
FN:66,(anonymous_7)
FNF:8
FNH:1
FNDA:4,(anonymous_0)
FNDA:0,(anonymous_1)
FNDA:0,(anonymous_2)
FNDA:0,(anonymous_3)
FNDA:0,(anonymous_4)
FNDA:0,(anonymous_5)
FNDA:0,(anonymous_6)
FNDA:0,(anonymous_7)
DA:2,2
DA:3,4
DA:5,2
DA:6,2
DA:7,2
DA:8,2
DA:10,0
DA:14,0
DA:16,0
DA:17,0
DA:18,0
DA:32,0
DA:36,0
DA:49,0
DA:55,0
DA:67,0
DA:68,0
DA:69,0
LF:18
LH:6
BRDA:2,0,0,2
BRDA:2,0,1,0
BRDA:2,0,2,2
BRDA:3,1,0,0
BRDA:3,1,1,4
BRDA:3,2,0,4
BRDA:3,2,1,4
BRDA:16,3,0,0
BRDA:16,3,1,0
BRDA:35,4,0,0
BRDA:35,4,1,0
BRF:11
BRH:5
end_of_record
